<?xml version="1.0" encoding="UTF-8"?>
<coverage generated="1511108555343" clover="3.2.0">
  <project timestamp="1511108555343" name="All files">
    <metrics statements="45" coveredstatements="41" conditionals="4" coveredconditionals="2" methods="8" coveredmethods="5" elements="57" coveredelements="48" complexity="0" loc="45" ncloc="45" packages="2" files="5" classes="5">
      <package name="routes">
        <metrics statements="15" coveredstatements="13" conditionals="0" coveredconditionals="0" methods="3" coveredmethods="1"/>
        <file name="about.js" path="/Users/marcusgustafsson/dbwebb-kurser/ramverk2/me/app/ramverk2-app/express-backend/routes/about.js">
          <metrics statements="5" coveredstatements="4" conditionals="0" coveredconditionals="0" methods="1" coveredmethods="0"/>
          <line num="1" count="1" type="stmt"/>
          <line num="2" count="1" type="stmt"/>
          <line num="6" count="1" type="stmt"/>
          <line num="7" count="0" type="stmt"/>
          <line num="13" count="1" type="stmt"/>
        </file>
        <file name="index.js" path="/Users/marcusgustafsson/dbwebb-kurser/ramverk2/me/app/ramverk2-app/express-backend/routes/index.js">
          <metrics statements="5" coveredstatements="4" conditionals="0" coveredconditionals="0" methods="1" coveredmethods="0"/>
          <line num="1" count="1" type="stmt"/>
          <line num="2" count="1" type="stmt"/>
          <line num="8" count="1" type="stmt"/>
          <line num="9" count="0" type="stmt"/>
          <line num="15" count="1" type="stmt"/>
        </file>
        <file name="users.js" path="/Users/marcusgustafsson/dbwebb-kurser/ramverk2/me/app/ramverk2-app/express-backend/routes/users.js">
          <metrics statements="5" coveredstatements="5" conditionals="0" coveredconditionals="0" methods="1" coveredmethods="1"/>
          <line num="1" count="1" type="stmt"/>
          <line num="2" count="1" type="stmt"/>
          <line num="5" count="1" type="stmt"/>
          <line num="10" count="1" type="stmt"/>
          <line num="19" count="1" type="stmt"/>
        </file>
      </package>
      <package name="src">
        <metrics statements="30" coveredstatements="28" conditionals="4" coveredconditionals="2" methods="5" coveredmethods="4"/>
        <file name="add.js" path="/Users/marcusgustafsson/dbwebb-kurser/ramverk2/me/app/ramverk2-app/express-backend/src/add.js">
          <metrics statements="2" coveredstatements="2" conditionals="0" coveredconditionals="0" methods="1" coveredmethods="1"/>
          <line num="2" count="1" type="stmt"/>
          <line num="5" count="1" type="stmt"/>
        </file>
        <file name="index.js" path="/Users/marcusgustafsson/dbwebb-kurser/ramverk2/me/app/ramverk2-app/express-backend/src/index.js">
          <metrics statements="28" coveredstatements="26" conditionals="4" coveredconditionals="2" methods="4" coveredmethods="3"/>
          <line num="3" count="1" type="stmt"/>
          <line num="4" count="1" type="stmt"/>
          <line num="5" count="1" type="stmt"/>
          <line num="6" count="1" type="stmt"/>
          <line num="7" count="1" type="stmt"/>
          <line num="8" count="1" type="stmt"/>
          <line num="15" count="1" type="stmt"/>
          <line num="17" count="1" type="stmt"/>
          <line num="20" count="1" type="stmt"/>
          <line num="21" count="2" type="stmt"/>
          <line num="22" count="2" type="stmt"/>
          <line num="23" count="2" type="stmt"/>
          <line num="29" count="1" type="stmt"/>
          <line num="31" count="0" type="stmt"/>
          <line num="34" count="1" type="stmt"/>
          <line num="35" count="1" type="stmt"/>
          <line num="36" count="1" type="stmt"/>
          <line num="38" count="1" type="stmt"/>
          <line num="39" count="1" type="stmt"/>
          <line num="41" count="1" type="stmt"/>
          <line num="42" count="1" type="stmt"/>
          <line num="47" count="1" type="stmt"/>
          <line num="48" count="1" type="cond" truecount="1" falsecount="1"/>
          <line num="49" count="0" type="stmt"/>
          <line num="51" count="1" type="cond" truecount="1" falsecount="1"/>
          <line num="52" count="1" type="stmt"/>
          <line num="53" count="1" type="stmt"/>
          <line num="58" count="1" type="stmt"/>
        </file>
      </package>
    </metrics>
  </project>
</coverage>
