{"/Users/marcusgustafsson/dbwebb-kurser/ramverk2/me/app/ramverk2-app/express-backend/src/add.js": {"path":"/Users/marcusgustafsson/dbwebb-kurser/ramverk2/me/app/ramverk2-app/express-backend/src/add.js","statementMap":{"0":{"start":{"line":2,"column":4},"end":{"line":2,"column":17}},"1":{"start":{"line":5,"column":0},"end":{"line":5,"column":21}}},"fnMap":{"0":{"name":"add","decl":{"start":{"line":1,"column":9},"end":{"line":1,"column":12}},"loc":{"start":{"line":1,"column":19},"end":{"line":3,"column":1}},"line":1}},"branchMap":{},"s":{"0":1,"1":1},"f":{"0":1},"b":{},"_coverageSchema":"332fd63041d2c1bcb487cc26dd0d5f7d97098a6c","hash":"5f005b09962bd15df7135c434ac0686adf6f1e9d"}
,"/Users/marcusgustafsson/dbwebb-kurser/ramverk2/me/app/ramverk2-app/express-backend/src/index.js": {"path":"/Users/marcusgustafsson/dbwebb-kurser/ramverk2/me/app/ramverk2-app/express-backend/src/index.js","statementMap":{"0":{"start":{"line":3,"column":14},"end":{"line":3,"column":32}},"1":{"start":{"line":4,"column":11},"end":{"line":4,"column":26}},"2":{"start":{"line":6,"column":17},"end":{"line":6,"column":39}},"3":{"start":{"line":9,"column":12},"end":{"line":9,"column":48}},"4":{"start":{"line":10,"column":12},"end":{"line":10,"column":48}},"5":{"start":{"line":11,"column":12},"end":{"line":11,"column":48}},"6":{"start":{"line":12,"column":11},"end":{"line":12,"column":46}},"7":{"start":{"line":15,"column":11},"end":{"line":15,"column":51}},"8":{"start":{"line":16,"column":10},"end":{"line":16,"column":49}},"9":{"start":{"line":17,"column":13},"end":{"line":17,"column":55}},"10":{"start":{"line":18,"column":13},"end":{"line":18,"column":55}},"11":{"start":{"line":19,"column":12},"end":{"line":19,"column":56}},"12":{"start":{"line":21,"column":10},"end":{"line":21,"column":19}},"13":{"start":{"line":23,"column":0},"end":{"line":23,"column":48}},"14":{"start":{"line":24,"column":0},"end":{"line":24,"column":30}},"15":{"start":{"line":28,"column":18},"end":{"line":28,"column":68}},"16":{"start":{"line":30,"column":0},"end":{"line":30,"column":37}},"17":{"start":{"line":33,"column":0},"end":{"line":33,"column":27}},"18":{"start":{"line":34,"column":0},"end":{"line":34,"column":50}},"19":{"start":{"line":36,"column":0},"end":{"line":40,"column":3}},"20":{"start":{"line":37,"column":4},"end":{"line":37,"column":28}},"21":{"start":{"line":38,"column":4},"end":{"line":38,"column":26}},"22":{"start":{"line":39,"column":4},"end":{"line":39,"column":11}},"23":{"start":{"line":45,"column":0},"end":{"line":48,"column":3}},"24":{"start":{"line":47,"column":4},"end":{"line":47,"column":79}},"25":{"start":{"line":50,"column":0},"end":{"line":50,"column":20}},"26":{"start":{"line":51,"column":0},"end":{"line":51,"column":25}},"27":{"start":{"line":52,"column":0},"end":{"line":52,"column":25}},"28":{"start":{"line":53,"column":0},"end":{"line":53,"column":23}},"29":{"start":{"line":56,"column":0},"end":{"line":56,"column":27}},"30":{"start":{"line":57,"column":0},"end":{"line":57,"column":26}},"31":{"start":{"line":58,"column":0},"end":{"line":58,"column":31}},"32":{"start":{"line":59,"column":0},"end":{"line":59,"column":31}},"33":{"start":{"line":60,"column":0},"end":{"line":60,"column":32}},"34":{"start":{"line":63,"column":0},"end":{"line":68,"column":3}},"35":{"start":{"line":64,"column":14},"end":{"line":64,"column":36}},"36":{"start":{"line":66,"column":4},"end":{"line":66,"column":21}},"37":{"start":{"line":67,"column":4},"end":{"line":67,"column":14}},"38":{"start":{"line":72,"column":0},"end":{"line":81,"column":3}},"39":{"start":{"line":73,"column":4},"end":{"line":75,"column":5}},"40":{"start":{"line":74,"column":8},"end":{"line":74,"column":25}},"41":{"start":{"line":76,"column":4},"end":{"line":76,"column":35}},"42":{"start":{"line":77,"column":4},"end":{"line":77,"column":27}},"43":{"start":{"line":78,"column":4},"end":{"line":80,"column":7}},"44":{"start":{"line":83,"column":0},"end":{"line":83,"column":21}}},"fnMap":{"0":{"name":"(anonymous_0)","decl":{"start":{"line":36,"column":8},"end":{"line":36,"column":9}},"loc":{"start":{"line":36,"column":28},"end":{"line":40,"column":1}},"line":36},"1":{"name":"(anonymous_1)","decl":{"start":{"line":45,"column":13},"end":{"line":45,"column":14}},"loc":{"start":{"line":45,"column":33},"end":{"line":48,"column":1}},"line":45},"2":{"name":"(anonymous_2)","decl":{"start":{"line":63,"column":8},"end":{"line":63,"column":9}},"loc":{"start":{"line":63,"column":28},"end":{"line":68,"column":1}},"line":63},"3":{"name":"(anonymous_3)","decl":{"start":{"line":72,"column":8},"end":{"line":72,"column":9}},"loc":{"start":{"line":72,"column":33},"end":{"line":81,"column":1}},"line":72}},"branchMap":{"0":{"loc":{"start":{"line":73,"column":4},"end":{"line":75,"column":5}},"type":"if","locations":[{"start":{"line":73,"column":4},"end":{"line":75,"column":5}},{"start":{"line":73,"column":4},"end":{"line":75,"column":5}}],"line":73},"1":{"loc":{"start":{"line":76,"column":17},"end":{"line":76,"column":34}},"type":"binary-expr","locations":[{"start":{"line":76,"column":17},"end":{"line":76,"column":27}},{"start":{"line":76,"column":31},"end":{"line":76,"column":34}}],"line":76}},"s":{"0":2,"1":2,"2":2,"3":2,"4":2,"5":2,"6":2,"7":2,"8":2,"9":2,"10":2,"11":2,"12":2,"13":2,"14":2,"15":2,"16":2,"17":2,"18":2,"19":2,"20":10,"21":10,"22":10,"23":2,"24":0,"25":2,"26":2,"27":2,"28":2,"29":2,"30":2,"31":2,"32":2,"33":2,"34":2,"35":3,"36":3,"37":3,"38":2,"39":3,"40":0,"41":3,"42":3,"43":3,"44":2},"f":{"0":10,"1":0,"2":3,"3":3},"b":{"0":[0,3],"1":[3,0]},"_coverageSchema":"332fd63041d2c1bcb487cc26dd0d5f7d97098a6c","hash":"ddee506041152d10156bc4d6c086388de76953a6"}
,"/Users/marcusgustafsson/dbwebb-kurser/ramverk2/me/app/ramverk2-app/express-backend/src/mongodb/model.js": {"path":"/Users/marcusgustafsson/dbwebb-kurser/ramverk2/me/app/ramverk2-app/express-backend/src/mongodb/model.js","statementMap":{"0":{"start":{"line":5,"column":8},"end":{"line":5,"column":52}},"1":{"start":{"line":24,"column":20},"end":{"line":24,"column":49}},"2":{"start":{"line":25,"column":20},"end":{"line":25,"column":48}},"3":{"start":{"line":26,"column":20},"end":{"line":26,"column":79}},"4":{"start":{"line":28,"column":8},"end":{"line":28,"column":25}},"5":{"start":{"line":30,"column":8},"end":{"line":30,"column":19}},"6":{"start":{"line":46,"column":20},"end":{"line":46,"column":49}},"7":{"start":{"line":47,"column":20},"end":{"line":47,"column":48}},"8":{"start":{"line":48,"column":20},"end":{"line":52,"column":9}},"9":{"start":{"line":54,"column":8},"end":{"line":54,"column":25}},"10":{"start":{"line":56,"column":8},"end":{"line":56,"column":19}},"11":{"start":{"line":72,"column":8},"end":{"line":72,"column":30}},"12":{"start":{"line":73,"column":25},"end":{"line":73,"column":52}},"13":{"start":{"line":74,"column":20},"end":{"line":74,"column":49}},"14":{"start":{"line":75,"column":20},"end":{"line":75,"column":48}},"15":{"start":{"line":77,"column":20},"end":{"line":77,"column":65}},"16":{"start":{"line":79,"column":8},"end":{"line":79,"column":25}},"17":{"start":{"line":81,"column":8},"end":{"line":81,"column":19}},"18":{"start":{"line":97,"column":25},"end":{"line":97,"column":52}},"19":{"start":{"line":98,"column":20},"end":{"line":98,"column":49}},"20":{"start":{"line":99,"column":20},"end":{"line":99,"column":48}},"21":{"start":{"line":101,"column":22},"end":{"line":101,"column":47}},"22":{"start":{"line":102,"column":24},"end":{"line":102,"column":82}},"23":{"start":{"line":103,"column":20},"end":{"line":103,"column":67}},"24":{"start":{"line":105,"column":8},"end":{"line":105,"column":25}},"25":{"start":{"line":107,"column":8},"end":{"line":107,"column":19}},"26":{"start":{"line":125,"column":20},"end":{"line":125,"column":49}},"27":{"start":{"line":126,"column":20},"end":{"line":126,"column":48}},"28":{"start":{"line":128,"column":8},"end":{"line":128,"column":31}},"29":{"start":{"line":129,"column":8},"end":{"line":129,"column":34}},"30":{"start":{"line":131,"column":8},"end":{"line":131,"column":25}},"31":{"start":{"line":137,"column":0},"end":{"line":137,"column":25}}},"fnMap":{"0":{"name":"(anonymous_0)","decl":{"start":{"line":4,"column":4},"end":{"line":4,"column":5}},"loc":{"start":{"line":4,"column":18},"end":{"line":6,"column":5}},"line":4},"1":{"name":"(anonymous_1)","decl":{"start":{"line":23,"column":4},"end":{"line":23,"column":5}},"loc":{"start":{"line":23,"column":70},"end":{"line":31,"column":5}},"line":23},"2":{"name":"(anonymous_2)","decl":{"start":{"line":45,"column":4},"end":{"line":45,"column":5}},"loc":{"start":{"line":45,"column":68},"end":{"line":57,"column":5}},"line":45},"3":{"name":"(anonymous_3)","decl":{"start":{"line":71,"column":4},"end":{"line":71,"column":5}},"loc":{"start":{"line":71,"column":49},"end":{"line":82,"column":5}},"line":71},"4":{"name":"(anonymous_4)","decl":{"start":{"line":96,"column":4},"end":{"line":96,"column":5}},"loc":{"start":{"line":96,"column":81},"end":{"line":108,"column":5}},"line":96},"5":{"name":"(anonymous_5)","decl":{"start":{"line":124,"column":4},"end":{"line":124,"column":5}},"loc":{"start":{"line":124,"column":45},"end":{"line":132,"column":5}},"line":124}},"branchMap":{},"s":{"0":4,"1":1,"2":1,"3":1,"4":1,"5":1,"6":1,"7":1,"8":1,"9":1,"10":1,"11":1,"12":1,"13":1,"14":1,"15":1,"16":1,"17":1,"18":1,"19":1,"20":1,"21":1,"22":1,"23":1,"24":1,"25":1,"26":0,"27":0,"28":0,"29":0,"30":0,"31":1},"f":{"0":4,"1":1,"2":1,"3":1,"4":1,"5":0},"b":{},"_coverageSchema":"332fd63041d2c1bcb487cc26dd0d5f7d97098a6c","hash":"ec5f37d9f55b9e552ff445ec289b9e5e1fe1c94e"}
,"/Users/marcusgustafsson/dbwebb-kurser/ramverk2/me/app/ramverk2-app/express-backend/src/mongodb/api/add.js": {"path":"/Users/marcusgustafsson/dbwebb-kurser/ramverk2/me/app/ramverk2-app/express-backend/src/mongodb/api/add.js","statementMap":{"0":{"start":{"line":3,"column":13},"end":{"line":3,"column":71}},"1":{"start":{"line":5,"column":14},"end":{"line":5,"column":32}},"2":{"start":{"line":6,"column":13},"end":{"line":6,"column":29}},"3":{"start":{"line":10,"column":0},"end":{"line":28,"column":3}},"4":{"start":{"line":11,"column":18},"end":{"line":11,"column":37}},"5":{"start":{"line":12,"column":16},"end":{"line":12,"column":27}},"6":{"start":{"line":14,"column":4},"end":{"line":27,"column":5}},"7":{"start":{"line":15,"column":19},"end":{"line":15,"column":36}},"8":{"start":{"line":16,"column":22},"end":{"line":16,"column":42}},"9":{"start":{"line":17,"column":26},"end":{"line":17,"column":50}},"10":{"start":{"line":18,"column":18},"end":{"line":18,"column":90}},"11":{"start":{"line":20,"column":8},"end":{"line":20,"column":34}},"12":{"start":{"line":21,"column":8},"end":{"line":21,"column":40}},"13":{"start":{"line":22,"column":8},"end":{"line":22,"column":48}},"14":{"start":{"line":23,"column":8},"end":{"line":23,"column":27}},"15":{"start":{"line":25,"column":8},"end":{"line":25,"column":25}},"16":{"start":{"line":26,"column":8},"end":{"line":26,"column":27}},"17":{"start":{"line":31,"column":0},"end":{"line":31,"column":24}}},"fnMap":{"0":{"name":"(anonymous_0)","decl":{"start":{"line":10,"column":17},"end":{"line":10,"column":18}},"loc":{"start":{"line":10,"column":46},"end":{"line":28,"column":1}},"line":10}},"branchMap":{"0":{"loc":{"start":{"line":3,"column":13},"end":{"line":3,"column":71}},"type":"binary-expr","locations":[{"start":{"line":3,"column":13},"end":{"line":3,"column":35}},{"start":{"line":3,"column":39},"end":{"line":3,"column":71}}],"line":3}},"s":{"0":2,"1":2,"2":2,"3":2,"4":1,"5":1,"6":1,"7":1,"8":1,"9":1,"10":1,"11":1,"12":1,"13":1,"14":1,"15":0,"16":0,"17":2},"f":{"0":1},"b":{"0":[2,2]},"_coverageSchema":"332fd63041d2c1bcb487cc26dd0d5f7d97098a6c","hash":"8a1a9598d49859adb1da69b26136969fd60aacef"}
,"/Users/marcusgustafsson/dbwebb-kurser/ramverk2/me/app/ramverk2-app/express-backend/src/mongodb/api/read.js": {"path":"/Users/marcusgustafsson/dbwebb-kurser/ramverk2/me/app/ramverk2-app/express-backend/src/mongodb/api/read.js","statementMap":{"0":{"start":{"line":2,"column":13},"end":{"line":2,"column":71}},"1":{"start":{"line":4,"column":14},"end":{"line":4,"column":32}},"2":{"start":{"line":5,"column":13},"end":{"line":5,"column":29}},"3":{"start":{"line":9,"column":0},"end":{"line":22,"column":3}},"4":{"start":{"line":10,"column":18},"end":{"line":10,"column":37}},"5":{"start":{"line":11,"column":16},"end":{"line":11,"column":27}},"6":{"start":{"line":13,"column":4},"end":{"line":21,"column":5}},"7":{"start":{"line":14,"column":18},"end":{"line":14,"column":74}},"8":{"start":{"line":16,"column":8},"end":{"line":16,"column":25}},"9":{"start":{"line":17,"column":8},"end":{"line":17,"column":27}},"10":{"start":{"line":19,"column":8},"end":{"line":19,"column":25}},"11":{"start":{"line":20,"column":8},"end":{"line":20,"column":27}},"12":{"start":{"line":26,"column":0},"end":{"line":26,"column":24}}},"fnMap":{"0":{"name":"(anonymous_0)","decl":{"start":{"line":9,"column":16},"end":{"line":9,"column":17}},"loc":{"start":{"line":9,"column":45},"end":{"line":22,"column":1}},"line":9}},"branchMap":{"0":{"loc":{"start":{"line":2,"column":13},"end":{"line":2,"column":71}},"type":"binary-expr","locations":[{"start":{"line":2,"column":13},"end":{"line":2,"column":35}},{"start":{"line":2,"column":39},"end":{"line":2,"column":71}}],"line":2}},"s":{"0":2,"1":2,"2":2,"3":2,"4":1,"5":1,"6":1,"7":1,"8":1,"9":1,"10":0,"11":0,"12":2},"f":{"0":1},"b":{"0":[2,2]},"_coverageSchema":"332fd63041d2c1bcb487cc26dd0d5f7d97098a6c","hash":"3df3aa486b9d14a01929ab7c8b8701e7d57c83ef"}
,"/Users/marcusgustafsson/dbwebb-kurser/ramverk2/me/app/ramverk2-app/express-backend/src/mongodb/api/remove.js": {"path":"/Users/marcusgustafsson/dbwebb-kurser/ramverk2/me/app/ramverk2-app/express-backend/src/mongodb/api/remove.js","statementMap":{"0":{"start":{"line":3,"column":13},"end":{"line":3,"column":71}},"1":{"start":{"line":5,"column":14},"end":{"line":5,"column":32}},"2":{"start":{"line":6,"column":13},"end":{"line":6,"column":29}},"3":{"start":{"line":10,"column":0},"end":{"line":24,"column":3}},"4":{"start":{"line":11,"column":18},"end":{"line":11,"column":37}},"5":{"start":{"line":12,"column":16},"end":{"line":12,"column":27}},"6":{"start":{"line":14,"column":4},"end":{"line":23,"column":5}},"7":{"start":{"line":15,"column":17},"end":{"line":15,"column":32}},"8":{"start":{"line":16,"column":18},"end":{"line":16,"column":71}},"9":{"start":{"line":18,"column":8},"end":{"line":18,"column":30}},"10":{"start":{"line":19,"column":8},"end":{"line":19,"column":27}},"11":{"start":{"line":21,"column":8},"end":{"line":21,"column":25}},"12":{"start":{"line":22,"column":8},"end":{"line":22,"column":27}},"13":{"start":{"line":28,"column":0},"end":{"line":28,"column":24}}},"fnMap":{"0":{"name":"(anonymous_0)","decl":{"start":{"line":10,"column":19},"end":{"line":10,"column":20}},"loc":{"start":{"line":10,"column":48},"end":{"line":24,"column":1}},"line":10}},"branchMap":{"0":{"loc":{"start":{"line":3,"column":13},"end":{"line":3,"column":71}},"type":"binary-expr","locations":[{"start":{"line":3,"column":13},"end":{"line":3,"column":35}},{"start":{"line":3,"column":39},"end":{"line":3,"column":71}}],"line":3}},"s":{"0":2,"1":2,"2":2,"3":2,"4":1,"5":1,"6":1,"7":1,"8":1,"9":1,"10":1,"11":0,"12":0,"13":2},"f":{"0":1},"b":{"0":[2,2]},"_coverageSchema":"332fd63041d2c1bcb487cc26dd0d5f7d97098a6c","hash":"6476cbae6d19ca223e7e1d4b6d72fe0680bee351"}
,"/Users/marcusgustafsson/dbwebb-kurser/ramverk2/me/app/ramverk2-app/express-backend/src/mongodb/api/setup-db.js": {"path":"/Users/marcusgustafsson/dbwebb-kurser/ramverk2/me/app/ramverk2-app/express-backend/src/mongodb/api/setup-db.js","statementMap":{"0":{"start":{"line":2,"column":13},"end":{"line":2,"column":71}},"1":{"start":{"line":4,"column":14},"end":{"line":4,"column":32}},"2":{"start":{"line":5,"column":13},"end":{"line":5,"column":29}},"3":{"start":{"line":9,"column":0},"end":{"line":30,"column":3}},"4":{"start":{"line":10,"column":18},"end":{"line":10,"column":37}},"5":{"start":{"line":11,"column":16},"end":{"line":11,"column":27}},"6":{"start":{"line":13,"column":15},"end":{"line":13,"column":28}},"7":{"start":{"line":14,"column":17},"end":{"line":14,"column":32}},"8":{"start":{"line":15,"column":17},"end":{"line":18,"column":6}},"9":{"start":{"line":20,"column":4},"end":{"line":29,"column":5}},"10":{"start":{"line":21,"column":18},"end":{"line":22,"column":43}},"11":{"start":{"line":22,"column":26},"end":{"line":22,"column":42}},"12":{"start":{"line":24,"column":8},"end":{"line":24,"column":25}},"13":{"start":{"line":25,"column":8},"end":{"line":25,"column":27}},"14":{"start":{"line":27,"column":8},"end":{"line":27,"column":25}},"15":{"start":{"line":28,"column":8},"end":{"line":28,"column":27}},"16":{"start":{"line":33,"column":0},"end":{"line":33,"column":24}}},"fnMap":{"0":{"name":"(anonymous_0)","decl":{"start":{"line":9,"column":28},"end":{"line":9,"column":29}},"loc":{"start":{"line":9,"column":57},"end":{"line":30,"column":1}},"line":9},"1":{"name":"(anonymous_1)","decl":{"start":{"line":22,"column":19},"end":{"line":22,"column":20}},"loc":{"start":{"line":22,"column":26},"end":{"line":22,"column":42}},"line":22}},"branchMap":{"0":{"loc":{"start":{"line":2,"column":13},"end":{"line":2,"column":71}},"type":"binary-expr","locations":[{"start":{"line":2,"column":13},"end":{"line":2,"column":35}},{"start":{"line":2,"column":39},"end":{"line":2,"column":71}}],"line":2}},"s":{"0":2,"1":2,"2":2,"3":2,"4":0,"5":0,"6":0,"7":0,"8":0,"9":0,"10":0,"11":0,"12":0,"13":0,"14":0,"15":0,"16":2},"f":{"0":0,"1":0},"b":{"0":[2,2]},"_coverageSchema":"332fd63041d2c1bcb487cc26dd0d5f7d97098a6c","hash":"bd45e3fd92b17d82aa8c3aa27ec667adc7058b43"}
,"/Users/marcusgustafsson/dbwebb-kurser/ramverk2/me/app/ramverk2-app/express-backend/src/mongodb/api/update.js": {"path":"/Users/marcusgustafsson/dbwebb-kurser/ramverk2/me/app/ramverk2-app/express-backend/src/mongodb/api/update.js","statementMap":{"0":{"start":{"line":3,"column":13},"end":{"line":3,"column":71}},"1":{"start":{"line":5,"column":14},"end":{"line":5,"column":32}},"2":{"start":{"line":6,"column":13},"end":{"line":6,"column":29}},"3":{"start":{"line":10,"column":0},"end":{"line":31,"column":3}},"4":{"start":{"line":11,"column":16},"end":{"line":11,"column":35}},"5":{"start":{"line":12,"column":18},"end":{"line":12,"column":29}},"6":{"start":{"line":14,"column":4},"end":{"line":30,"column":5}},"7":{"start":{"line":15,"column":17},"end":{"line":15,"column":32}},"8":{"start":{"line":16,"column":19},"end":{"line":16,"column":36}},"9":{"start":{"line":17,"column":22},"end":{"line":17,"column":42}},"10":{"start":{"line":18,"column":26},"end":{"line":18,"column":50}},"11":{"start":{"line":19,"column":18},"end":{"line":20,"column":60}},"12":{"start":{"line":22,"column":8},"end":{"line":22,"column":30}},"13":{"start":{"line":23,"column":8},"end":{"line":23,"column":34}},"14":{"start":{"line":24,"column":8},"end":{"line":24,"column":40}},"15":{"start":{"line":25,"column":8},"end":{"line":25,"column":48}},"16":{"start":{"line":26,"column":8},"end":{"line":26,"column":27}},"17":{"start":{"line":28,"column":8},"end":{"line":28,"column":25}},"18":{"start":{"line":29,"column":8},"end":{"line":29,"column":27}},"19":{"start":{"line":34,"column":0},"end":{"line":34,"column":24}}},"fnMap":{"0":{"name":"(anonymous_0)","decl":{"start":{"line":10,"column":16},"end":{"line":10,"column":17}},"loc":{"start":{"line":10,"column":45},"end":{"line":31,"column":1}},"line":10}},"branchMap":{"0":{"loc":{"start":{"line":3,"column":13},"end":{"line":3,"column":71}},"type":"binary-expr","locations":[{"start":{"line":3,"column":13},"end":{"line":3,"column":35}},{"start":{"line":3,"column":39},"end":{"line":3,"column":71}}],"line":3}},"s":{"0":2,"1":2,"2":2,"3":2,"4":1,"5":1,"6":1,"7":1,"8":1,"9":1,"10":1,"11":1,"12":1,"13":1,"14":1,"15":1,"16":1,"17":0,"18":0,"19":2},"f":{"0":1},"b":{"0":[2,2]},"_coverageSchema":"332fd63041d2c1bcb487cc26dd0d5f7d97098a6c","hash":"c0d559c0278c99d7df68f6982b34817c82cefd4b"}
,"/Users/marcusgustafsson/dbwebb-kurser/ramverk2/me/app/ramverk2-app/express-backend/src/routes/about.js": {"path":"/Users/marcusgustafsson/dbwebb-kurser/ramverk2/me/app/ramverk2-app/express-backend/src/routes/about.js","statementMap":{"0":{"start":{"line":1,"column":14},"end":{"line":1,"column":32}},"1":{"start":{"line":2,"column":13},"end":{"line":2,"column":29}},"2":{"start":{"line":6,"column":0},"end":{"line":11,"column":3}},"3":{"start":{"line":7,"column":4},"end":{"line":10,"column":7}},"4":{"start":{"line":13,"column":0},"end":{"line":13,"column":24}}},"fnMap":{"0":{"name":"(anonymous_0)","decl":{"start":{"line":6,"column":16},"end":{"line":6,"column":17}},"loc":{"start":{"line":6,"column":30},"end":{"line":11,"column":1}},"line":6}},"branchMap":{},"s":{"0":2,"1":2,"2":2,"3":1,"4":2},"f":{"0":1},"b":{},"_coverageSchema":"332fd63041d2c1bcb487cc26dd0d5f7d97098a6c","hash":"aa3b99ff01f0c94aeaa0008175e7bb762e99aecb"}
,"/Users/marcusgustafsson/dbwebb-kurser/ramverk2/me/app/ramverk2-app/express-backend/src/routes/chat.js": {"path":"/Users/marcusgustafsson/dbwebb-kurser/ramverk2/me/app/ramverk2-app/express-backend/src/routes/chat.js","statementMap":{"0":{"start":{"line":6,"column":14},"end":{"line":6,"column":32}},"1":{"start":{"line":7,"column":13},"end":{"line":7,"column":29}},"2":{"start":{"line":11,"column":0},"end":{"line":16,"column":3}},"3":{"start":{"line":12,"column":4},"end":{"line":15,"column":7}},"4":{"start":{"line":18,"column":0},"end":{"line":18,"column":24}}},"fnMap":{"0":{"name":"(anonymous_0)","decl":{"start":{"line":11,"column":16},"end":{"line":11,"column":17}},"loc":{"start":{"line":11,"column":30},"end":{"line":16,"column":1}},"line":11}},"branchMap":{},"s":{"0":2,"1":2,"2":2,"3":1,"4":2},"f":{"0":1},"b":{},"_coverageSchema":"332fd63041d2c1bcb487cc26dd0d5f7d97098a6c","hash":"612c700b8041badf4e74cc464f28240617ef055c"}
,"/Users/marcusgustafsson/dbwebb-kurser/ramverk2/me/app/ramverk2-app/express-backend/src/routes/index.js": {"path":"/Users/marcusgustafsson/dbwebb-kurser/ramverk2/me/app/ramverk2-app/express-backend/src/routes/index.js","statementMap":{"0":{"start":{"line":1,"column":14},"end":{"line":1,"column":32}},"1":{"start":{"line":2,"column":13},"end":{"line":2,"column":29}},"2":{"start":{"line":8,"column":0},"end":{"line":13,"column":3}},"3":{"start":{"line":9,"column":4},"end":{"line":12,"column":7}},"4":{"start":{"line":15,"column":0},"end":{"line":15,"column":24}}},"fnMap":{"0":{"name":"(anonymous_0)","decl":{"start":{"line":8,"column":16},"end":{"line":8,"column":17}},"loc":{"start":{"line":8,"column":30},"end":{"line":13,"column":1}},"line":8}},"branchMap":{},"s":{"0":2,"1":2,"2":2,"3":0,"4":2},"f":{"0":0},"b":{},"_coverageSchema":"332fd63041d2c1bcb487cc26dd0d5f7d97098a6c","hash":"d47b6016dee4766164196544d364e9343d00bced"}
,"/Users/marcusgustafsson/dbwebb-kurser/ramverk2/me/app/ramverk2-app/express-backend/src/routes/users.js": {"path":"/Users/marcusgustafsson/dbwebb-kurser/ramverk2/me/app/ramverk2-app/express-backend/src/routes/users.js","statementMap":{"0":{"start":{"line":1,"column":14},"end":{"line":1,"column":32}},"1":{"start":{"line":2,"column":13},"end":{"line":2,"column":29}},"2":{"start":{"line":5,"column":0},"end":{"line":17,"column":3}},"3":{"start":{"line":10,"column":4},"end":{"line":16,"column":8}},"4":{"start":{"line":19,"column":0},"end":{"line":19,"column":24}}},"fnMap":{"0":{"name":"(anonymous_0)","decl":{"start":{"line":5,"column":16},"end":{"line":5,"column":17}},"loc":{"start":{"line":5,"column":35},"end":{"line":17,"column":1}},"line":5}},"branchMap":{},"s":{"0":2,"1":2,"2":2,"3":1,"4":2},"f":{"0":1},"b":{},"_coverageSchema":"332fd63041d2c1bcb487cc26dd0d5f7d97098a6c","hash":"86e1000c07c2fcbd77d34711e23858d30c1628b8"}
}
