TN:
SF:/Users/marcusgustafsson/dbwebb-kurser/ramverk2/me/app/ramverk2-app/express-backend/routes/about.js
FN:6,(anonymous_0)
FNF:1
FNH:1
FNDA:1,(anonymous_0)
DA:1,1
DA:2,1
DA:6,1
DA:7,1
DA:13,1
LF:5
LH:5
BRF:0
BRH:0
end_of_record
TN:
SF:/Users/marcusgustafsson/dbwebb-kurser/ramverk2/me/app/ramverk2-app/express-backend/routes/index.js
FN:8,(anonymous_0)
FNF:1
FNH:0
FNDA:0,(anonymous_0)
DA:1,1
DA:2,1
DA:8,1
DA:9,0
DA:15,1
LF:5
LH:4
BRF:0
BRH:0
end_of_record
TN:
SF:/Users/marcusgustafsson/dbwebb-kurser/ramverk2/me/app/ramverk2-app/express-backend/routes/report.js
FN:6,(anonymous_0)
FNF:1
FNH:1
FNDA:1,(anonymous_0)
DA:1,1
DA:2,1
DA:6,1
DA:7,1
DA:12,1
LF:5
LH:5
BRF:0
BRH:0
end_of_record
TN:
SF:/Users/marcusgustafsson/dbwebb-kurser/ramverk2/me/app/ramverk2-app/express-backend/routes/users.js
FN:5,(anonymous_0)
FNF:1
FNH:1
FNDA:1,(anonymous_0)
DA:1,1
DA:2,1
DA:5,1
DA:10,1
DA:19,1
LF:5
LH:5
BRF:0
BRH:0
end_of_record
TN:
SF:/Users/marcusgustafsson/dbwebb-kurser/ramverk2/me/app/ramverk2-app/express-backend/src/add.js
FN:1,add
FNF:1
FNH:1
FNDA:1,add
DA:2,1
DA:5,1
LF:2
LH:2
BRF:0
BRH:0
end_of_record
TN:
SF:/Users/marcusgustafsson/dbwebb-kurser/ramverk2/me/app/ramverk2-app/express-backend/src/index.js
FN:21,(anonymous_0)
FN:30,(anonymous_1)
FN:40,(anonymous_2)
FN:49,(anonymous_3)
FNF:4
FNH:3
FNDA:4,(anonymous_0)
FNDA:0,(anonymous_1)
FNDA:1,(anonymous_2)
FNDA:3,(anonymous_3)
DA:3,1
DA:4,1
DA:5,1
DA:6,1
DA:7,1
DA:8,1
DA:9,1
DA:16,1
DA:18,1
DA:21,1
DA:22,4
DA:23,4
DA:24,4
DA:30,1
DA:32,0
DA:35,1
DA:36,1
DA:37,1
DA:38,1
DA:40,1
DA:41,1
DA:43,1
DA:44,1
DA:49,1
DA:50,3
DA:51,0
DA:53,3
DA:54,3
DA:55,3
DA:60,1
LF:30
LH:28
BRDA:50,0,0,0
BRDA:50,0,1,3
BRDA:53,1,0,3
BRDA:53,1,1,2
BRF:4
BRH:3
end_of_record
