TN:
SF:/Users/marcusgustafsson/dbwebb-kurser/ramverk2/me/app/ramverk2-app/express-backend/src/add.js
FN:1,add
FNF:1
FNH:1
FNDA:1,add
DA:2,1
DA:5,1
LF:2
LH:2
BRF:0
BRH:0
end_of_record
TN:
SF:/Users/marcusgustafsson/dbwebb-kurser/ramverk2/me/app/ramverk2-app/express-backend/src/index.js
FN:35,(anonymous_0)
FN:44,(anonymous_1)
FN:61,(anonymous_2)
FN:70,(anonymous_3)
FNF:4
FNH:3
FNDA:9,(anonymous_0)
FNDA:0,(anonymous_1)
FNDA:2,(anonymous_2)
FNDA:2,(anonymous_3)
DA:3,2
DA:4,2
DA:6,2
DA:9,2
DA:10,2
DA:11,2
DA:12,2
DA:15,2
DA:16,2
DA:17,2
DA:18,2
DA:20,2
DA:22,2
DA:23,2
DA:27,2
DA:29,2
DA:32,2
DA:33,2
DA:35,2
DA:36,9
DA:37,9
DA:38,9
DA:44,2
DA:46,0
DA:49,2
DA:50,2
DA:51,2
DA:52,2
DA:55,2
DA:56,2
DA:57,2
DA:58,2
DA:61,2
DA:62,2
DA:64,2
DA:65,2
DA:70,2
DA:71,2
DA:72,0
DA:74,2
DA:75,2
DA:76,2
DA:81,2
LF:43
LH:41
BRDA:71,0,0,0
BRDA:71,0,1,2
BRDA:74,1,0,2
BRDA:74,1,1,0
BRF:4
BRH:2
end_of_record
TN:
SF:/Users/marcusgustafsson/dbwebb-kurser/ramverk2/me/app/ramverk2-app/express-backend/src/mongodb/api/add.js
FN:13,(anonymous_0)
FNF:1
FNH:1
FNDA:1,(anonymous_0)
DA:4,2
DA:5,2
DA:8,2
DA:9,2
DA:13,2
DA:17,1
DA:18,1
DA:19,1
DA:20,1
DA:22,1
DA:27,1
DA:28,1
DA:30,1
DA:31,1
DA:32,1
DA:33,1
DA:35,0
DA:36,0
DA:41,2
LF:19
LH:17
BRDA:5,0,0,2
BRDA:5,0,1,2
BRF:2
BRH:2
end_of_record
TN:
SF:/Users/marcusgustafsson/dbwebb-kurser/ramverk2/me/app/ramverk2-app/express-backend/src/mongodb/api/read.js
FN:11,(anonymous_0)
FNF:1
FNH:1
FNDA:1,(anonymous_0)
DA:3,2
DA:4,2
DA:6,2
DA:7,2
DA:11,2
DA:15,1
DA:16,1
DA:19,1
DA:21,0
DA:22,0
DA:28,2
LF:11
LH:9
BRDA:4,0,0,2
BRDA:4,0,1,2
BRF:2
BRH:2
end_of_record
TN:
SF:/Users/marcusgustafsson/dbwebb-kurser/ramverk2/me/app/ramverk2-app/express-backend/src/mongodb/api/remove.js
FN:13,(anonymous_0)
FNF:1
FNH:1
FNDA:1,(anonymous_0)
DA:5,2
DA:6,2
DA:8,2
DA:9,2
DA:13,2
DA:17,1
DA:18,1
DA:19,1
DA:21,1
DA:22,1
DA:24,0
DA:25,0
DA:31,2
LF:13
LH:11
BRDA:6,0,0,2
BRDA:6,0,1,2
BRF:2
BRH:2
end_of_record
TN:
SF:/Users/marcusgustafsson/dbwebb-kurser/ramverk2/me/app/ramverk2-app/express-backend/src/mongodb/api/update.js
FN:12,(anonymous_0)
FNF:1
FNH:1
FNDA:1,(anonymous_0)
DA:4,2
DA:5,2
DA:7,2
DA:8,2
DA:12,2
DA:16,1
DA:17,1
DA:18,1
DA:19,1
DA:20,1
DA:21,1
DA:26,1
DA:28,1
DA:29,1
DA:30,1
DA:31,1
DA:32,1
DA:34,0
DA:35,0
DA:40,2
LF:20
LH:18
BRDA:5,0,0,2
BRDA:5,0,1,2
BRF:2
BRH:2
end_of_record
TN:
SF:/Users/marcusgustafsson/dbwebb-kurser/ramverk2/me/app/ramverk2-app/express-backend/src/routes/about.js
FN:6,(anonymous_0)
FNF:1
FNH:1
FNDA:1,(anonymous_0)
DA:1,2
DA:2,2
DA:6,2
DA:7,1
DA:13,2
LF:5
LH:5
BRF:0
BRH:0
end_of_record
TN:
SF:/Users/marcusgustafsson/dbwebb-kurser/ramverk2/me/app/ramverk2-app/express-backend/src/routes/chat.js
FN:11,(anonymous_0)
FNF:1
FNH:1
FNDA:1,(anonymous_0)
DA:6,2
DA:7,2
DA:11,2
DA:12,1
DA:18,2
LF:5
LH:5
BRF:0
BRH:0
end_of_record
TN:
SF:/Users/marcusgustafsson/dbwebb-kurser/ramverk2/me/app/ramverk2-app/express-backend/src/routes/index.js
FN:8,(anonymous_0)
FNF:1
FNH:0
FNDA:0,(anonymous_0)
DA:1,2
DA:2,2
DA:8,2
DA:9,0
DA:15,2
LF:5
LH:4
BRF:0
BRH:0
end_of_record
TN:
SF:/Users/marcusgustafsson/dbwebb-kurser/ramverk2/me/app/ramverk2-app/express-backend/src/routes/users.js
FN:5,(anonymous_0)
FNF:1
FNH:1
FNDA:1,(anonymous_0)
DA:1,2
DA:2,2
DA:5,2
DA:10,1
DA:19,2
LF:5
LH:5
BRF:0
BRH:0
end_of_record
